<?xml version="1.0" encoding="UTF-8"?>
<testsuite name="org.hyperskill.calculator.tip.ExampleUnitTest" tests="8" skipped="0" failures="0" errors="0" timestamp="2021-12-05T05:50:58" hostname="DESKTOP-G7N0UQA" time="8.467">
  <properties/>
  <testcase name="testShouldCheckSliderListenerLast" classname="org.hyperskill.calculator.tip.ExampleUnitTest" time="7.164"/>
  <testcase name="testShouldCheckEditTextListenerFirst" classname="org.hyperskill.calculator.tip.ExampleUnitTest" time="0.234"/>
  <testcase name="testShouldCheckTextViewExist" classname="org.hyperskill.calculator.tip.ExampleUnitTest" time="0.185"/>
  <testcase name="testShouldCheckSliderExist" classname="org.hyperskill.calculator.tip.ExampleUnitTest" time="0.149"/>
  <testcase name="testShouldCheckSliderListenerFirst" classname="org.hyperskill.calculator.tip.ExampleUnitTest" time="0.149"/>
  <testcase name="testShouldCheckEditTextExist" classname="org.hyperskill.calculator.tip.ExampleUnitTest" time="0.171"/>
  <testcase name="testShouldCheckEditTextListenerLast" classname="org.hyperskill.calculator.tip.ExampleUnitTest" time="0.233"/>
  <testcase name="testShouldCheckLongJustForFun" classname="org.hyperskill.calculator.tip.ExampleUnitTest" time="0.178"/>
  <system-out><![CDATA[[Robolectric] org.hyperskill.calculator.tip.ExampleUnitTest.testShouldCheckSliderListenerLast: sdk=28; resources=BINARY
Called loadFromPath(/system/framework/framework-res.apk, true); mode=binary sdk=28
[Robolectric] org.hyperskill.calculator.tip.ExampleUnitTest.testShouldCheckEditTextListenerFirst: sdk=28; resources=BINARY
[Robolectric] org.hyperskill.calculator.tip.ExampleUnitTest.testShouldCheckTextViewExist: sdk=28; resources=BINARY
[Robolectric] org.hyperskill.calculator.tip.ExampleUnitTest.testShouldCheckSliderExist: sdk=28; resources=BINARY
[Robolectric] org.hyperskill.calculator.tip.ExampleUnitTest.testShouldCheckSliderListenerFirst: sdk=28; resources=BINARY
[Robolectric] org.hyperskill.calculator.tip.ExampleUnitTest.testShouldCheckEditTextExist: sdk=28; resources=BINARY
[Robolectric] org.hyperskill.calculator.tip.ExampleUnitTest.testShouldCheckEditTextListenerLast: sdk=28; resources=BINARY
[Robolectric] org.hyperskill.calculator.tip.ExampleUnitTest.testShouldCheckLongJustForFun: sdk=28; resources=BINARY
]]></system-out>
  <system-err><![CDATA[]]></system-err>
</testsuite>
